#
# There is insufficient memory for the Java Runtime Environment to continue.
# Native memory allocation (mmap) failed to map 67108864 bytes for G1 virtual space
# Possible reasons:
#   The system is out of physical RAM or swap space
#   The process is running with CompressedOops enabled, and the Java Heap may be blocking the growth of the native heap
# Possible solutions:
#   Reduce memory load on the system
#   Increase physical memory or swap space
#   Check if swap backing store is full
#   Decrease Java heap size (-Xmx/-Xms)
#   Decrease number of Java threads
#   Decrease Java thread stack sizes (-Xss)
#   Set larger code cache with -XX:ReservedCodeCacheSize=
#   JVM is running with Unscaled Compressed Oops mode in which the Java heap is
#     placed in the first 4GB address space. The Java Heap base address is the
#     maximum limit for the native heap growth. Please use -XX:HeapBaseMinAddress
#     to set the Java Heap base and to place the Java Heap above 4GB virtual address.
# This output file may be truncated or incomplete.
#
#  Out of Memory Error (./open/src/hotspot/os/windows/os_windows.cpp:3472), pid=13832, tid=5092
#
# JRE version:  (15.0.1+9) (build )
# Java VM: Java HotSpot(TM) 64-Bit Server VM (15.0.1+9-18, mixed mode, sharing, tiered, compressed oops, g1 gc, windows-amd64)
# No core dump will be written. Minidumps are not enabled by default on client versions of Windows
#

---------------  S U M M A R Y ------------

Command Line: com.mycompany.library.StartPage

Host: Intel(R) Atom(TM) x5-Z8350  CPU @ 1.44GHz, 4 cores, 3G,  Windows 10 , 64 bit Build 18362 (10.0.18362.1082)
Time: Sun Nov 29 13:51:11 2020 Sri Lanka Standard Time elapsed time: 0.062216 seconds (0d 0h 0m 0s)

---------------  T H R E A D  ---------------

Current thread (0x00000207364701e0):  JavaThread "Unknown thread" [_thread_in_vm, id=5092, stack(0x000000e49c400000,0x000000e49c500000)]

Stack: [0x000000e49c400000,0x000000e49c500000]
Native frames: (J=compiled Java code, j=interpreted, Vv=VM code, C=native code)
V  [jvm.dll+0x62ae9a]
V  [jvm.dll+0x781389]
V  [jvm.dll+0x782ae3]
V  [jvm.dll+0x783143]
V  [jvm.dll+0x216265]
V  [jvm.dll+0x6281d9]
V  [jvm.dll+0x61cd15]
V  [jvm.dll+0x2d01fd]
V  [jvm.dll+0x2d0062]
V  [jvm.dll+0x2d603c]
V  [jvm.dll+0x325b2a]
V  [jvm.dll+0x3251f4]
V  [jvm.dll+0x2a717a]
V  [jvm.dll+0x2a8318]
V  [jvm.dll+0x75e101]
V  [jvm.dll+0x3343e4]
V  [jvm.dll+0x73e826]
V  [jvm.dll+0x3b7777]
V  [jvm.dll+0x3b9201]
C  [jli.dll+0x52fb]
C  [ucrtbase.dll+0x20e82]
C  [KERNEL32.DLL+0x17bd4]
C  [ntdll.dll+0x6ce51]


---------------  P R O C E S S  ---------------

Threads class SMR info:
_java_thread_list=0x00007ffeb7504ff0, length=0, elements={
}

Java Threads: ( => current thread )

Other Threads:
  0x000002073649f5f0 GCTaskThread "GC Thread#0" [stack: 0x000000e49c500000,0x000000e49c600000] [id=12296]
  0x00000207364a9610 ConcurrentGCThread "G1 Main Marker" [stack: 0x000000e49c600000,0x000000e49c700000] [id=364]
  0x00000207364ab9b0 ConcurrentGCThread "G1 Conc#0" [stack: 0x000000e49c700000,0x000000e49c800000] [id=14472]

[error occurred during error reporting (printing all threads), id 0xc0000005, EXCEPTION_ACCESS_VIOLATION (0xc0000005) at pc=0x00007ffeb6cf8047]

VM state: not at safepoint (not fully initialized)

VM Mutex/Monitor currently owned by a thread:  ([mutex/lock_event])
[0x000002073646dfe0] Heap_lock - owner thread: 0x00000207364701e0

Heap address: 0x00000000c1600000, size: 1002 MB, Compressed Oops mode: 32-bit
CDS archive(s) mapped at: [0x0000000000000000-0x0000000000000000-0x0000000000000000), size 0, SharedBaseAddress: 0x0000000800000000, ArchiveRelocationMode: 0.
Narrow klass base: 0x0000000000000000, Narrow klass shift: 0, Narrow klass range: 0x0

Heap:
 garbage-first heap   total 65536K, used 0K [0x00000000c1600000, 0x0000000100000000)
  region size 1024K, 0 young (0K), 0 survivors (0K)
 Metaspace       used 0K, capacity 0K, committed 0K, reserved 0K
  class space    used 0K, capacity 0K, committed 0K, reserved 0K

Heap Regions: E=young(eden), S=young(survivor), O=old, HS=humongous(starts), HC=humongous(continues), CS=collection set, F=free, OA=open archive, CA=closed archive, TAMS=top-at-mark-start (previous, next)

Card table byte_map: [0x000002074d8a0000,0x000002074daa0000] _byte_map_base: 0x000002074d295000

Marking Bits (Prev, Next): (CMBitMap*) 0x00000207364a0e70, (CMBitMap*) 0x00000207364a0eb0
 Prev Bits: [0x000002074dca0000, 0x000002074ec48000)
 Next Bits: [0x000002074ec50000, 0x000002074fbf8000)

GC Heap History (0 events):
No events

Deoptimization events (0 events):
No events

Classes unloaded (0 events):
No events

Classes redefined (0 events):
No events

Internal exceptions (0 events):
No events

Events (1 events):
Event: 0.037 Loaded shared library C:\Program Files\Java\jdk-15.0.1\bin\java.dll


Dynamic libraries:
0x00007ff78bc10000 - 0x00007ff78bc1f000 	C:\Program Files\Java\jdk-15.0.1\bin\java.exe
0x00007ffef02a0000 - 0x00007ffef0490000 	C:\WINDOWS\SYSTEM32\ntdll.dll
0x00007ffeee4f0000 - 0x00007ffeee5a2000 	C:\WINDOWS\System32\KERNEL32.DLL
0x00007ffeed520000 - 0x00007ffeed7c5000 	C:\WINDOWS\System32\KERNELBASE.dll
0x00007ffeed900000 - 0x00007ffeed9fa000 	C:\WINDOWS\System32\ucrtbase.dll
0x00007ffee53c0000 - 0x00007ffee53d9000 	C:\Program Files\Java\jdk-15.0.1\bin\VCRUNTIME140.dll
0x00007ffed1560000 - 0x00007ffed1578000 	C:\Program Files\Java\jdk-15.0.1\bin\jli.dll
0x00007ffeeffa0000 - 0x00007ffef0043000 	C:\WINDOWS\System32\ADVAPI32.dll
0x00007ffeee5c0000 - 0x00007ffeee65e000 	C:\WINDOWS\System32\msvcrt.dll
0x00007ffeee660000 - 0x00007ffeee6f7000 	C:\WINDOWS\System32\sechost.dll
0x00007ffef0050000 - 0x00007ffef0170000 	C:\WINDOWS\System32\RPCRT4.dll
0x00007ffeee350000 - 0x00007ffeee4e5000 	C:\WINDOWS\System32\USER32.dll
0x00007ffeed7d0000 - 0x00007ffeed7f1000 	C:\WINDOWS\System32\win32u.dll
0x00007ffee1830000 - 0x00007ffee1ab4000 	C:\WINDOWS\WinSxS\amd64_microsoft.windows.common-controls_6595b64144ccf1df_6.0.18362.1082_none_9e8193e1e45b25c1\COMCTL32.dll
0x00007ffeeff70000 - 0x00007ffeeff96000 	C:\WINDOWS\System32\GDI32.dll
0x00007ffeef680000 - 0x00007ffeef9b5000 	C:\WINDOWS\System32\combase.dll
0x00007ffeed380000 - 0x00007ffeed516000 	C:\WINDOWS\System32\gdi32full.dll
0x00007ffeed830000 - 0x00007ffeed8b0000 	C:\WINDOWS\System32\bcryptPrimitives.dll
0x00007ffeed230000 - 0x00007ffeed2ce000 	C:\WINDOWS\System32\msvcp_win.dll
0x00007ffee37a0000 - 0x00007ffee37aa000 	C:\WINDOWS\SYSTEM32\VERSION.dll
0x00007ffeef0b0000 - 0x00007ffeef0de000 	C:\WINDOWS\System32\IMM32.DLL
0x00007ffee43d0000 - 0x00007ffee43dc000 	C:\Program Files\Java\jdk-15.0.1\bin\vcruntime140_1.dll
0x00007ffec6fa0000 - 0x00007ffec7031000 	C:\Program Files\Java\jdk-15.0.1\bin\msvcp140.dll
0x00007ffeb6a40000 - 0x00007ffeb759e000 	C:\Program Files\Java\jdk-15.0.1\bin\server\jvm.dll
0x00007ffeef1c0000 - 0x00007ffeef1c8000 	C:\WINDOWS\System32\PSAPI.DLL
0x00007ffeebc50000 - 0x00007ffeebc59000 	C:\WINDOWS\SYSTEM32\WSOCK32.dll
0x00007ffeef380000 - 0x00007ffeef3ef000 	C:\WINDOWS\System32\WS2_32.dll
0x00007ffee0d50000 - 0x00007ffee0d74000 	C:\WINDOWS\SYSTEM32\WINMM.dll
0x00007ffee0d20000 - 0x00007ffee0d4d000 	C:\WINDOWS\SYSTEM32\WINMMBASE.dll
0x00007ffeed8b0000 - 0x00007ffeed8fa000 	C:\WINDOWS\System32\cfgmgr32.dll
0x00007ffeed170000 - 0x00007ffeed181000 	C:\WINDOWS\System32\kernel.appcore.dll
0x00007ffee43c0000 - 0x00007ffee43ca000 	C:\Program Files\Java\jdk-15.0.1\bin\jimage.dll
0x00007ffeeba30000 - 0x00007ffeebc24000 	C:\WINDOWS\SYSTEM32\DBGHELP.DLL
0x00007ffee58e0000 - 0x00007ffee590a000 	C:\WINDOWS\SYSTEM32\dbgcore.DLL
0x00007ffedb000000 - 0x00007ffedb025000 	C:\Program Files\Java\jdk-15.0.1\bin\java.dll

dbghelp: loaded successfully - version: 4.0.5 - missing functions: none
symbol engine: initialized successfully - sym options: 0x614 - pdb path: .;C:\Program Files\Java\jdk-15.0.1\bin;C:\WINDOWS\SYSTEM32;C:\WINDOWS\WinSxS\amd64_microsoft.windows.common-controls_6595b64144ccf1df_6.0.18362.1082_none_9e8193e1e45b25c1;C:\Program Files\Java\jdk-15.0.1\bin\server

VM Arguments:
java_command: com.mycompany.library.StartPage
java_class_path (initial): C:\Users\crx\Documents\NetBeansProjects\library\target\classes;C:\Users\crx\.m2\repository\mysql-connector-java\mysql-connector-java\8.0.22\mysql-connector-java-8.0.22.jar
Launcher Type: SUN_STANDARD

[Global flags]
     intx CICompilerCount                          = 3                                         {product} {ergonomic}
     uint ConcGCThreads                            = 1                                         {product} {ergonomic}
     uint G1ConcRefinementThreads                  = 4                                         {product} {ergonomic}
   size_t G1HeapRegionSize                         = 1048576                                   {product} {ergonomic}
    uintx GCDrainStackTargetSize                   = 64                                        {product} {ergonomic}
   size_t InitialHeapSize                          = 67108864                                  {product} {ergonomic}
   size_t MarkStackSize                            = 4194304                                   {product} {ergonomic}
   size_t MaxHeapSize                              = 1050673152                                {product} {ergonomic}
   size_t MinHeapDeltaBytes                        = 1048576                                   {product} {ergonomic}
   size_t MinHeapSize                              = 8388608                                   {product} {ergonomic}
    uintx NonNMethodCodeHeapSize                   = 5832780                                {pd product} {ergonomic}
    uintx NonProfiledCodeHeapSize                  = 122912730                              {pd product} {ergonomic}
    uintx ProfiledCodeHeapSize                     = 122912730                              {pd product} {ergonomic}
    uintx ReservedCodeCacheSize                    = 251658240                              {pd product} {ergonomic}
     bool SegmentedCodeCache                       = true                                      {product} {ergonomic}
   size_t SoftMaxHeapSize                          = 1050673152                             {manageable} {ergonomic}
     bool UseCompressedClassPointers               = true                                 {lp64_product} {ergonomic}
     bool UseCompressedOops                        = true                                 {lp64_product} {ergonomic}
     bool UseG1GC                                  = true                                      {product} {ergonomic}
     bool UseLargePagesIndividualAllocation        = false                                  {pd product} {ergonomic}

Logging:
Log output configuration:
 #0: stdout all=warning uptime,level,tags
 #1: stderr all=off uptime,level,tags

Environment Variables:
JAVA_HOME=C:\Program Files\Java\jdk-15.0.1
PATH=C:\Program Files\Common Files\Oracle\Java\javapath;C:\WINDOWS\system32;C:\WINDOWS;C:\WINDOWS\System32\Wbem;C:\WINDOWS\System32\WindowsPowerShell\v1.0\;C:\WINDOWS\System32\OpenSSH\;C:\Program Files\Java\jdk-15.0.1\bin;C:\Users\crx\AppData\Local\Programs\Python\Python39\Scripts\;C:\Users\crx\AppData\Local\Programs\Python\Python39\;C:\Users\crx\AppData\Local\Microsoft\WindowsApps;;C:\Users\crx\AppData\Local\Programs\Microsoft VS Code Insiders\bin
USERNAME=crx
OS=Windows_NT
PROCESSOR_IDENTIFIER=Intel64 Family 6 Model 76 Stepping 4, GenuineIntel



---------------  S Y S T E M  ---------------

OS:
 Windows 10 , 64 bit Build 18362 (10.0.18362.1082)
OS uptime: 16 days 14:38 hours

CPU: total 4 (initial active 4) (4 cores per cpu, 1 threads per core) family 6 model 76 stepping 4 microcode 0x410, cmov, cx8, fxsr, mmx, sse, sse2, sse3, ssse3, sse4.1, sse4.2, popcnt, aes, clmul, erms, 3dnowpref, tsc, tscinvbit, clflush

Memory: 4k page, system-wide physical 4005M (414M free)
TotalPageFile size 11372M (AvailPageFile size 29M)
current process WorkingSet (physical memory assigned to process): 9M, peak: 9M
current process commit charge ("private bytes"): 51M, peak: 115M

vm_info: Java HotSpot(TM) 64-Bit Server VM (15.0.1+9-18) for windows-amd64 JRE (15.0.1+9-18), built on Sep 15 2020 14:43:54 by "mach5one" with unknown MS VC++:1925

END.
