#
# There is insufficient memory for the Java Runtime Environment to continue.
# Native memory allocation (malloc) failed to allocate 1048576 bytes for AllocateHeap
# Possible reasons:
#   The system is out of physical RAM or swap space
#   The process is running with CompressedOops enabled, and the Java Heap may be blocking the growth of the native heap
# Possible solutions:
#   Reduce memory load on the system
#   Increase physical memory or swap space
#   Check if swap backing store is full
#   Decrease Java heap size (-Xmx/-Xms)
#   Decrease number of Java threads
#   Decrease Java thread stack sizes (-Xss)
#   Set larger code cache with -XX:ReservedCodeCacheSize=
#   JVM is running with Unscaled Compressed Oops mode in which the Java heap is
#     placed in the first 4GB address space. The Java Heap base address is the
#     maximum limit for the native heap growth. Please use -XX:HeapBaseMinAddress
#     to set the Java Heap base and to place the Java Heap above 4GB virtual address.
# This output file may be truncated or incomplete.
#
#  Out of Memory Error (./open/src/hotspot/share/memory/allocation.cpp:44), pid=9912, tid=4756
#
# JRE version:  (15.0.1+9) (build )
# Java VM: Java HotSpot(TM) 64-Bit Server VM (15.0.1+9-18, mixed mode, sharing, tiered, compressed oops, g1 gc, windows-amd64)
# No core dump will be written. Minidumps are not enabled by default on client versions of Windows
#

---------------  S U M M A R Y ------------

Command Line: com.mycompany.library.CdDVDDetail

Host: Intel(R) Atom(TM) x5-Z8350  CPU @ 1.44GHz, 4 cores, 3G,  Windows 10 , 64 bit Build 18362 (10.0.18362.1082)
Time: Tue Dec  1 02:56:19 2020 Sri Lanka Standard Time elapsed time: 0.040517 seconds (0d 0h 0m 0s)

---------------  T H R E A D  ---------------

Current thread (0x0000026ac23e2bb0):  JavaThread "Unknown thread" [_thread_in_vm, id=4756, stack(0x000000cf2a800000,0x000000cf2a900000)]

Stack: [0x000000cf2a800000,0x000000cf2a900000]
Native frames: (J=compiled Java code, j=interpreted, Vv=VM code, C=native code)
V  [jvm.dll+0x62ae9a]
V  [jvm.dll+0x781389]
V  [jvm.dll+0x782ae3]
V  [jvm.dll+0x783143]
V  [jvm.dll+0x216265]
V  [jvm.dll+0x8eb72]
V  [jvm.dll+0x2a2824]
V  [jvm.dll+0x75e0cc]
V  [jvm.dll+0x3343e4]
V  [jvm.dll+0x73e826]
V  [jvm.dll+0x3b7777]
V  [jvm.dll+0x3b9201]
C  [jli.dll+0x52fb]
C  [ucrtbase.dll+0x20e82]
C  [KERNEL32.DLL+0x17bd4]
C  [ntdll.dll+0x6ce51]


---------------  P R O C E S S  ---------------

Threads class SMR info:
_java_thread_list=0x00007fff7f104ff0, length=0, elements={
}

Java Threads: ( => current thread )

Other Threads:

=>0x0000026ac23e2bb0 (exited) JavaThread "Unknown thread" [_thread_in_vm, id=4756, stack(0x000000cf2a800000,0x000000cf2a900000)]

Threads with active compile tasks:

VM state: not at safepoint (not fully initialized)

VM Mutex/Monitor currently owned by a thread: None

Heap address: 0x0000000000000000, size: 0 MB, Compressed Oops mode: 32-bit
CDS archive(s) mapped at: [0x0000000000000000-0x0000000000000000-0x0000000000000000), size 0, SharedBaseAddress: 0x0000000800000000, ArchiveRelocationMode: 0.
Narrow klass base: 0x0000000000000000, Narrow klass shift: 0, Narrow klass range: 0x0

GC Heap History (0 events):
No events

Deoptimization events (0 events):
No events

Classes unloaded (0 events):
No events

Classes redefined (0 events):
No events

Internal exceptions (0 events):
No events

Events (1 events):
Event: 0.026 Loaded shared library C:\Program Files\Java\jdk-15.0.1\bin\java.dll


Dynamic libraries:
0x00007ff61f3c0000 - 0x00007ff61f3cf000 	C:\Program Files\Java\jdk-15.0.1\bin\java.exe
0x00007fffa7480000 - 0x00007fffa7670000 	C:\WINDOWS\SYSTEM32\ntdll.dll
0x00007fffa7250000 - 0x00007fffa7302000 	C:\WINDOWS\System32\KERNEL32.DLL
0x00007fffa4410000 - 0x00007fffa46b5000 	C:\WINDOWS\System32\KERNELBASE.dll
0x00007fffa51e0000 - 0x00007fffa52da000 	C:\WINDOWS\System32\ucrtbase.dll
0x00007fff9d7a0000 - 0x00007fff9d7b9000 	C:\Program Files\Java\jdk-15.0.1\bin\VCRUNTIME140.dll
0x00007fff9d820000 - 0x00007fff9d838000 	C:\Program Files\Java\jdk-15.0.1\bin\jli.dll
0x00007fffa61f0000 - 0x00007fffa6293000 	C:\WINDOWS\System32\ADVAPI32.dll
0x00007fffa5c20000 - 0x00007fffa5cbe000 	C:\WINDOWS\System32\msvcrt.dll
0x00007fffa6cb0000 - 0x00007fffa6d47000 	C:\WINDOWS\System32\sechost.dll
0x00007fffa6b60000 - 0x00007fffa6c80000 	C:\WINDOWS\System32\RPCRT4.dll
0x00007fffa6720000 - 0x00007fffa68b5000 	C:\WINDOWS\System32\USER32.dll
0x00007fffa50e0000 - 0x00007fffa5101000 	C:\WINDOWS\System32\win32u.dll
0x00007fffa6c80000 - 0x00007fffa6ca6000 	C:\WINDOWS\System32\GDI32.dll
0x00007fff92ff0000 - 0x00007fff93274000 	C:\WINDOWS\WinSxS\amd64_microsoft.windows.common-controls_6595b64144ccf1df_6.0.18362.1082_none_9e8193e1e45b25c1\COMCTL32.dll
0x00007fffa5390000 - 0x00007fffa5526000 	C:\WINDOWS\System32\gdi32full.dll
0x00007fffa63e0000 - 0x00007fffa6715000 	C:\WINDOWS\System32\combase.dll
0x00007fffa4ef0000 - 0x00007fffa4f8e000 	C:\WINDOWS\System32\msvcp_win.dll
0x00007fffa5160000 - 0x00007fffa51e0000 	C:\WINDOWS\System32\bcryptPrimitives.dll
0x00007fff941d0000 - 0x00007fff941da000 	C:\WINDOWS\SYSTEM32\VERSION.dll
0x00007fffa5fb0000 - 0x00007fffa5fde000 	C:\WINDOWS\System32\IMM32.DLL
0x00007fffa03d0000 - 0x00007fffa03dc000 	C:\Program Files\Java\jdk-15.0.1\bin\vcruntime140_1.dll
0x00007fff8eaa0000 - 0x00007fff8eb31000 	C:\Program Files\Java\jdk-15.0.1\bin\msvcp140.dll
0x00007fff7e640000 - 0x00007fff7f19e000 	C:\Program Files\Java\jdk-15.0.1\bin\server\jvm.dll
0x00007fffa6050000 - 0x00007fffa6058000 	C:\WINDOWS\System32\PSAPI.DLL
0x00007fffa1a70000 - 0x00007fffa1a94000 	C:\WINDOWS\SYSTEM32\WINMM.dll
0x00007fffa2e10000 - 0x00007fffa2e19000 	C:\WINDOWS\SYSTEM32\WSOCK32.dll
0x00007fffa5fe0000 - 0x00007fffa604f000 	C:\WINDOWS\System32\WS2_32.dll
0x00007fffa1a40000 - 0x00007fffa1a6d000 	C:\WINDOWS\SYSTEM32\winmmbase.dll
0x00007fffa4ea0000 - 0x00007fffa4eea000 	C:\WINDOWS\System32\cfgmgr32.dll
0x00007fffa4350000 - 0x00007fffa4361000 	C:\WINDOWS\System32\kernel.appcore.dll
0x00007fffa0320000 - 0x00007fffa032a000 	C:\Program Files\Java\jdk-15.0.1\bin\jimage.dll
0x00007fffa2c10000 - 0x00007fffa2e04000 	C:\WINDOWS\SYSTEM32\DBGHELP.DLL
0x00007fff92490000 - 0x00007fff924ba000 	C:\WINDOWS\SYSTEM32\dbgcore.DLL
0x00007fff9bda0000 - 0x00007fff9bdc5000 	C:\Program Files\Java\jdk-15.0.1\bin\java.dll

dbghelp: loaded successfully - version: 4.0.5 - missing functions: none
symbol engine: initialized successfully - sym options: 0x614 - pdb path: .;C:\Program Files\Java\jdk-15.0.1\bin;C:\WINDOWS\SYSTEM32;C:\WINDOWS\WinSxS\amd64_microsoft.windows.common-controls_6595b64144ccf1df_6.0.18362.1082_none_9e8193e1e45b25c1;C:\Program Files\Java\jdk-15.0.1\bin\server

VM Arguments:
java_command: com.mycompany.library.CdDVDDetail
java_class_path (initial): C:\Users\crx\Documents\NetBeansProjects\library\target\classes;C:\Users\crx\.m2\repository\mysql-connector-java\mysql-connector-java\8.0.22\mysql-connector-java-8.0.22.jar;C:\Users\crx\.m2\repository\jcalendar\jcalendar\1.4\jcalendar-1.4.jar;C:\Users\crx\.m2\repository\rs2xml\rs2xml\1\rs2xml-1.jar
Launcher Type: SUN_STANDARD

[Global flags]
     intx CICompilerCount                          = 3                                         {product} {ergonomic}
     uint ConcGCThreads                            = 1                                         {product} {ergonomic}
     uint G1ConcRefinementThreads                  = 4                                         {product} {ergonomic}
   size_t G1HeapRegionSize                         = 1048576                                   {product} {ergonomic}
    uintx GCDrainStackTargetSize                   = 64                                        {product} {ergonomic}
   size_t InitialHeapSize                          = 67108864                                  {product} {ergonomic}
   size_t MarkStackSize                            = 4194304                                   {product} {ergonomic}
   size_t MaxHeapSize                              = 1050673152                                {product} {ergonomic}
   size_t MinHeapDeltaBytes                        = 1048576                                   {product} {ergonomic}
   size_t MinHeapSize                              = 8388608                                   {product} {ergonomic}
    uintx NonNMethodCodeHeapSize                   = 5832780                                {pd product} {ergonomic}
    uintx NonProfiledCodeHeapSize                  = 122912730                              {pd product} {ergonomic}
    uintx ProfiledCodeHeapSize                     = 122912730                              {pd product} {ergonomic}
    uintx ReservedCodeCacheSize                    = 251658240                              {pd product} {ergonomic}
     bool SegmentedCodeCache                       = true                                      {product} {ergonomic}
   size_t SoftMaxHeapSize                          = 1050673152                             {manageable} {ergonomic}
     bool UseCompressedClassPointers               = true                                 {lp64_product} {ergonomic}
     bool UseCompressedOops                        = true                                 {lp64_product} {ergonomic}
     bool UseG1GC                                  = true                                      {product} {ergonomic}
     bool UseLargePagesIndividualAllocation        = false                                  {pd product} {ergonomic}

Logging:
Log output configuration:
 #0: stdout all=warning uptime,level,tags
 #1: stderr all=off uptime,level,tags

Environment Variables:
JAVA_HOME=C:\Program Files\Java\jdk-15.0.1
PATH=C:\Program Files\Common Files\Oracle\Java\javapath;C:\WINDOWS\system32;C:\WINDOWS;C:\WINDOWS\System32\Wbem;C:\WINDOWS\System32\WindowsPowerShell\v1.0\;C:\WINDOWS\System32\OpenSSH\;C:\Program Files\Java\jdk-15.0.1\bin;C:\Users\crx\AppData\Local\Programs\Python\Python39\Scripts\;C:\Users\crx\AppData\Local\Programs\Python\Python39\;C:\Users\crx\AppData\Local\Microsoft\WindowsApps;;C:\Users\crx\AppData\Local\Programs\Microsoft VS Code Insiders\bin
USERNAME=crx
OS=Windows_NT
PROCESSOR_IDENTIFIER=Intel64 Family 6 Model 76 Stepping 4, GenuineIntel



---------------  S Y S T E M  ---------------

OS:
 Windows 10 , 64 bit Build 18362 (10.0.18362.1082)
OS uptime: 1 days 6:41 hours

CPU: total 4 (initial active 4) (4 cores per cpu, 1 threads per core) family 6 model 76 stepping 4 microcode 0x410, cmov, cx8, fxsr, mmx, sse, sse2, sse3, ssse3, sse4.1, sse4.2, popcnt, aes, clmul, erms, 3dnowpref, tsc, tscinvbit, clflush

Memory: 4k page, system-wide physical 4005M (432M free)
TotalPageFile size 11382M (AvailPageFile size 24M)
current process WorkingSet (physical memory assigned to process): 9M, peak: 9M
current process commit charge ("private bytes"): 12M, peak: 13M

vm_info: Java HotSpot(TM) 64-Bit Server VM (15.0.1+9-18) for windows-amd64 JRE (15.0.1+9-18), built on Sep 15 2020 14:43:54 by "mach5one" with unknown MS VC++:1925

END.
